[0.007s] Invoking command in '/home/shivam/code-masala/ros/missile/src/occupancy/build/occupancy': CMAKE_PREFIX_PATH=${CMAKE_PREFIX_PATH}:/opt/ros/humble /usr/bin/cmake --build /home/shivam/code-masala/ros/missile/src/occupancy/build/occupancy -- -j16 -l16
[0.044s] [35m[1mConsolidate compiler generated dependencies of target listener[0m
[0.052s] [ 50%] Built target talker
[0.057s] [ 75%] [32mBuilding CXX object CMakeFiles/listener.dir/src/subscriber.cpp.o[0m
[1.568s] [01m[K/home/shivam/code-masala/ros/missile/src/occupancy/src/subscriber.cpp:[m[K In member function â€˜[01m[Kstd::vector<std::pair<int, int> > OccupancyMatrixSub::findSquareTargets(std::string)[m[Kâ€™:
[1.568s] [01m[K/home/shivam/code-masala/ros/missile/src/occupancy/src/subscriber.cpp:44:38:[m[K [01;31m[Kerror: [m[Kâ€˜[01m[Kbegin[m[Kâ€™ was not declared in this scope; did you mean â€˜[01m[Kstd::begin[m[Kâ€™?
[1.568s]    44 |             for (char c : grid.c_str([01;31m[K)[m[K) {
[1.568s]       |                                      [01;31m[K^[m[K
[1.568s]       |                                      [32m[Kstd::begin[m[K
[1.568s] In file included from [01m[K/usr/include/c++/11/array:41[m[K,
[1.568s]                  from [01m[K/usr/include/c++/11/tuple:39[m[K,
[1.568s]                  from [01m[K/usr/include/c++/11/bits/unique_ptr.h:37[m[K,
[1.568s]                  from [01m[K/usr/include/c++/11/memory:76[m[K,
[1.568s]                  from [01m[K/opt/ros/humble/include/rclcpp/rclcpp/rclcpp.hpp:153[m[K,
[1.568s]                  from [01m[K/home/shivam/code-masala/ros/missile/src/occupancy/src/subscriber.cpp:1[m[K:
[1.568s] [01m[K/usr/include/c++/11/bits/range_access.h:108:37:[m[K [01;36m[Knote: [m[Kâ€˜[01m[Kstd::begin[m[Kâ€™ declared here
[1.568s]   108 |   template<typename _Tp> const _Tp* [01;36m[Kbegin[m[K(const valarray<_Tp>&) noexcept;
[1.569s]       |                                     [01;36m[K^~~~~[m[K
[1.569s] [01m[K/home/shivam/code-masala/ros/missile/src/occupancy/src/subscriber.cpp:44:38:[m[K [01;31m[Kerror: [m[Kâ€˜[01m[Kend[m[Kâ€™ was not declared in this scope; did you mean â€˜[01m[Kstd::end[m[Kâ€™?
[1.569s]    44 |             for (char c : grid.c_str([01;31m[K)[m[K) {
[1.569s]       |                                      [01;31m[K^[m[K
[1.569s]       |                                      [32m[Kstd::end[m[K
[1.569s] In file included from [01m[K/usr/include/c++/11/array:41[m[K,
[1.569s]                  from [01m[K/usr/include/c++/11/tuple:39[m[K,
[1.569s]                  from [01m[K/usr/include/c++/11/bits/unique_ptr.h:37[m[K,
[1.569s]                  from [01m[K/usr/include/c++/11/memory:76[m[K,
[1.569s]                  from [01m[K/opt/ros/humble/include/rclcpp/rclcpp/rclcpp.hpp:153[m[K,
[1.569s]                  from [01m[K/home/shivam/code-masala/ros/missile/src/occupancy/src/subscriber.cpp:1[m[K:
[1.569s] [01m[K/usr/include/c++/11/bits/range_access.h:110:37:[m[K [01;36m[Knote: [m[Kâ€˜[01m[Kstd::end[m[Kâ€™ declared here
[1.569s]   110 |   template<typename _Tp> const _Tp* [01;36m[Kend[m[K(const valarray<_Tp>&) noexcept;
[1.569s]       |                                     [01;36m[K^~~[m[K
[3.178s] gmake[2]: *** [CMakeFiles/listener.dir/build.make:76: CMakeFiles/listener.dir/src/subscriber.cpp.o] Error 1
[3.178s] gmake[1]: *** [CMakeFiles/Makefile2:165: CMakeFiles/listener.dir/all] Error 2
[3.178s] gmake: *** [Makefile:146: all] Error 2
[3.180s] Invoked command in '/home/shivam/code-masala/ros/missile/src/occupancy/build/occupancy' returned '2': CMAKE_PREFIX_PATH=${CMAKE_PREFIX_PATH}:/opt/ros/humble /usr/bin/cmake --build /home/shivam/code-masala/ros/missile/src/occupancy/build/occupancy -- -j16 -l16
