-- Found ament_cmake: 1.3.11 (/opt/ros/humble/share/ament_cmake/cmake)
-- Found rclcpp: 16.0.11 (/opt/ros/humble/share/rclcpp/cmake)
-- Found rosidl_generator_c: 3.1.6 (/opt/ros/humble/share/rosidl_generator_c/cmake)
-- Found rosidl_adapter: 3.1.6 (/opt/ros/humble/share/rosidl_adapter/cmake)
-- Found rosidl_generator_cpp: 3.1.6 (/opt/ros/humble/share/rosidl_generator_cpp/cmake)
-- Using all available rosidl_typesupport_c: rosidl_typesupport_fastrtps_c;rosidl_typesupport_introspection_c
-- Using all available rosidl_typesupport_cpp: rosidl_typesupport_fastrtps_cpp;rosidl_typesupport_introspection_cpp
-- Found rmw_implementation_cmake: 6.1.2 (/opt/ros/humble/share/rmw_implementation_cmake/cmake)
-- Found rmw_fastrtps_cpp: 6.2.7 (/opt/ros/humble/share/rmw_fastrtps_cpp/cmake)
-- Using RMW implementation 'rmw_fastrtps_cpp' as default
-- Found ament_lint_auto: 0.12.11 (/opt/ros/humble/share/ament_lint_auto/cmake)
-- Added test 'copyright' to check source files copyright and LICENSE
-- Added test 'cppcheck' to perform static code analysis on C / C++ code
-- Configured cppcheck include dirs: 
-- Configured cppcheck exclude dirs and/or files: 
-- Added test 'cpplint' to check C / C++ code against the Google style
-- Configured cpplint exclude dirs and/or files: 
-- Added test 'lint_cmake' to check CMake code style
-- Added test 'uncrustify' to check C / C++ code style
-- Configured uncrustify additional arguments: 
-- Added test 'xmllint' to check XML markup files
-- Configuring done
-- Generating done
-- Build files have been written to: /home/shivam/code-masala/ros/missile/build/occupancy
[ 25%] [32mBuilding CXX object CMakeFiles/talker.dir/src/occupancyPub.cpp.o[0m
[ 50%] [32mBuilding CXX object CMakeFiles/listener.dir/src/subscriber.cpp.o[0m
[01m[K/home/shivam/code-masala/ros/missile/src/occupancy/src/occupancyPub.cpp:9:1:[m[K [01;31m[Kerror: [m[Kâ€˜[01m[Kvector[m[Kâ€™ does not name a type
    9 | [01;31m[Kvector[m[K<vector<int>>  createOccupancyGrid(int size, int submatrixSize) {
      | [01;31m[K^~~~~~[m[K
[01m[K/home/shivam/code-masala/ros/missile/src/occupancy/src/occupancyPub.cpp:[m[K In member function â€˜[01m[Kvoid occupancyMatrixPub::publish_message()[m[Kâ€™:
[01m[K/home/shivam/code-masala/ros/missile/src/occupancy/src/occupancyPub.cpp:35:24:[m[K [01;31m[Kerror: [m[Kâ€˜[01m[Kvector[m[Kâ€™ is not a member of â€˜[01m[Kstd_msgs::msg[m[Kâ€™
   35 |         std_msgs::msg::[01;31m[Kvector[m[K message;
      |                        [01;31m[K^~~~~~[m[K
[01m[K/home/shivam/code-masala/ros/missile/src/occupancy/src/occupancyPub.cpp:35:24:[m[K [01;36m[Knote: [m[Ksuggested alternatives:
In file included from [01m[K/usr/include/c++/11/vector:67[m[K,
                 from [01m[K/usr/include/c++/11/functional:62[m[K,
                 from [01m[K/usr/include/c++/11/pstl/glue_algorithm_defs.h:13[m[K,
                 from [01m[K/usr/include/c++/11/algorithm:74[m[K,
                 from [01m[K/opt/ros/humble/include/rclcpp/rclcpp/executor.hpp:18[m[K,
                 from [01m[K/opt/ros/humble/include/rclcpp/rclcpp/executors/multi_threaded_executor.hpp:25[m[K,
                 from [01m[K/opt/ros/humble/include/rclcpp/rclcpp/executors.hpp:21[m[K,
                 from [01m[K/opt/ros/humble/include/rclcpp/rclcpp/rclcpp.hpp:155[m[K,
                 from [01m[K/home/shivam/code-masala/ros/missile/src/occupancy/src/occupancyPub.cpp:1[m[K:
[01m[K/usr/include/c++/11/bits/stl_vector.h:389:11:[m[K [01;36m[Knote: [m[K  â€˜[01m[Kstd::vector[m[Kâ€™
  389 |     class [01;36m[Kvector[m[K : protected _Vector_base<_Tp, _Alloc>
      |           [01;36m[K^~~~~~[m[K
In file included from [01m[K/usr/include/c++/11/functional:62[m[K,
                 from [01m[K/usr/include/c++/11/pstl/glue_algorithm_defs.h:13[m[K,
                 from [01m[K/usr/include/c++/11/algorithm:74[m[K,
                 from [01m[K/opt/ros/humble/include/rclcpp/rclcpp/executor.hpp:18[m[K,
                 from [01m[K/opt/ros/humble/include/rclcpp/rclcpp/executors/multi_threaded_executor.hpp:25[m[K,
                 from [01m[K/opt/ros/humble/include/rclcpp/rclcpp/executors.hpp:21[m[K,
                 from [01m[K/opt/ros/humble/include/rclcpp/rclcpp/rclcpp.hpp:155[m[K,
                 from [01m[K/home/shivam/code-masala/ros/missile/src/occupancy/src/occupancyPub.cpp:1[m[K:
[01m[K/usr/include/c++/11/vector:86:13:[m[K [01;36m[Knote: [m[K  â€˜[01m[Kstd::pmr::vector[m[Kâ€™
   86 |       using [01;36m[Kvector[m[K = std::vector<_Tp, polymorphic_allocator<_Tp>>;
      |             [01;36m[K^~~~~~[m[K
[01m[K/home/shivam/code-masala/ros/missile/src/occupancy/src/occupancyPub.cpp:37:9:[m[K [01;31m[Kerror: [m[Kâ€˜[01m[Kmessage[m[Kâ€™ was not declared in this scope
   37 |         [01;31m[Kmessage[m[K.data = createOccupancyGrid(50, 5);
      |         [01;31m[K^~~~~~~[m[K
[01m[K/home/shivam/code-masala/ros/missile/src/occupancy/src/occupancyPub.cpp:37:24:[m[K [01;31m[Kerror: [m[Kâ€˜[01m[KcreateOccupancyGrid[m[Kâ€™ was not declared in this scope
   37 |         message.data = [01;31m[KcreateOccupancyGrid[m[K(50, 5);
      |                        [01;31m[K^~~~~~~~~~~~~~~~~~~[m[K
[01m[K/home/shivam/code-masala/ros/missile/src/occupancy/src/occupancyPub.cpp:[m[K In function â€˜[01m[Kint main(int, char**)[m[Kâ€™:
[01m[K/home/shivam/code-masala/ros/missile/src/occupancy/src/occupancyPub.cpp:47:35:[m[K [01;31m[Kerror: [m[Kâ€˜[01m[KCustomPublisherNode[m[Kâ€™ was not declared in this scope
   47 |     rclcpp::spin(std::make_shared<[01;31m[KCustomPublisherNode[m[K>());
      |                                   [01;31m[K^~~~~~~~~~~~~~~~~~~[m[K
[01m[K/home/shivam/code-masala/ros/missile/src/occupancy/src/occupancyPub.cpp:47:55:[m[K [01;31m[Kerror: [m[Kno matching function for call to â€˜[01m[Kmake_shared<<expression error> >()[m[Kâ€™
   47 |     rclcpp::spin([01;31m[Kstd::make_shared<CustomPublisherNode>()[m[K);
      |                  [01;31m[K~~~~~~~~~~~~~~~~~~~~~~~~~~~~~~~~~~~~~^~[m[K
In file included from [01m[K/usr/include/c++/11/memory:77[m[K,
                 from [01m[K/opt/ros/humble/include/rclcpp/rclcpp/rclcpp.hpp:153[m[K,
                 from [01m[K/home/shivam/code-masala/ros/missile/src/occupancy/src/occupancyPub.cpp:1[m[K:
[01m[K/usr/include/c++/11/bits/shared_ptr.h:875:5:[m[K [01;36m[Knote: [m[Kcandidate: â€˜[01m[Ktemplate<class _Tp, class ... _Args> std::shared_ptr<_Tp> std::make_shared(_Args&& ...)[m[Kâ€™
  875 |     [01;36m[Kmake_shared[m[K(_Args&&... __args)
      |     [01;36m[K^~~~~~~~~~~[m[K
[01m[K/usr/include/c++/11/bits/shared_ptr.h:875:5:[m[K [01;36m[Knote: [m[K  template argument deduction/substitution failed:
[01m[K/home/shivam/code-masala/ros/missile/src/occupancy/src/occupancyPub.cpp:47:55:[m[K [01;31m[Kerror: [m[Ktemplate argument 1 is invalid
   47 |     rclcpp::spin([01;31m[Kstd::make_shared<CustomPublisherNode>()[m[K);
      |                  [01;31m[K~~~~~~~~~~~~~~~~~~~~~~~~~~~~~~~~~~~~~^~[m[K
gmake[2]: *** [CMakeFiles/talker.dir/build.make:76: CMakeFiles/talker.dir/src/occupancyPub.cpp.o] Error 1
gmake[1]: *** [CMakeFiles/Makefile2:139: CMakeFiles/talker.dir/all] Error 2
gmake[1]: *** Waiting for unfinished jobs....
[ 75%] [32m[1mLinking CXX executable listener[0m
[ 75%] Built target listener
gmake: *** [Makefile:146: all] Error 2
