[0.007s] Invoking command in '/home/shivam/code-masala/ros/missile/build/occupancy': CMAKE_PREFIX_PATH=/opt/ros/humble /usr/bin/cmake --build /home/shivam/code-masala/ros/missile/build/occupancy -- -j16 -l16
[0.027s] -- Found ament_cmake: 1.3.11 (/opt/ros/humble/share/ament_cmake/cmake)
[0.111s] -- Found rclcpp: 16.0.11 (/opt/ros/humble/share/rclcpp/cmake)
[0.129s] -- Found rosidl_generator_c: 3.1.6 (/opt/ros/humble/share/rosidl_generator_c/cmake)
[0.131s] -- Found rosidl_adapter: 3.1.6 (/opt/ros/humble/share/rosidl_adapter/cmake)
[0.135s] -- Found rosidl_generator_cpp: 3.1.6 (/opt/ros/humble/share/rosidl_generator_cpp/cmake)
[0.141s] -- Using all available rosidl_typesupport_c: rosidl_typesupport_fastrtps_c;rosidl_typesupport_introspection_c
[0.149s] -- Using all available rosidl_typesupport_cpp: rosidl_typesupport_fastrtps_cpp;rosidl_typesupport_introspection_cpp
[0.169s] -- Found rmw_implementation_cmake: 6.1.2 (/opt/ros/humble/share/rmw_implementation_cmake/cmake)
[0.170s] -- Found rmw_fastrtps_cpp: 6.2.7 (/opt/ros/humble/share/rmw_fastrtps_cpp/cmake)
[0.238s] -- Using RMW implementation 'rmw_fastrtps_cpp' as default
[0.270s] -- Found ament_lint_auto: 0.12.11 (/opt/ros/humble/share/ament_lint_auto/cmake)
[0.316s] -- Added test 'copyright' to check source files copyright and LICENSE
[0.317s] -- Added test 'cppcheck' to perform static code analysis on C / C++ code
[0.317s] -- Configured cppcheck include dirs: 
[0.317s] -- Configured cppcheck exclude dirs and/or files: 
[0.318s] -- Added test 'cpplint' to check C / C++ code against the Google style
[0.318s] -- Configured cpplint exclude dirs and/or files: 
[0.318s] -- Added test 'lint_cmake' to check CMake code style
[0.319s] -- Added test 'uncrustify' to check C / C++ code style
[0.319s] -- Configured uncrustify additional arguments: 
[0.319s] -- Added test 'xmllint' to check XML markup files
[0.320s] -- Configuring done
[0.328s] -- Generating done
[0.331s] -- Build files have been written to: /home/shivam/code-masala/ros/missile/build/occupancy
[0.361s] [ 25%] [32mBuilding CXX object CMakeFiles/talker.dir/src/occupancyPub.cpp.o[0m
[0.362s] [ 50%] [32mBuilding CXX object CMakeFiles/listener.dir/src/subscriber.cpp.o[0m
[2.075s] [01m[K/home/shivam/code-masala/ros/missile/src/occupancy/src/occupancyPub.cpp:9:1:[m[K [01;31m[Kerror: [m[Kâ€˜[01m[Kvector[m[Kâ€™ does not name a type
[2.075s]     9 | [01;31m[Kvector[m[K<vector<int>>  createOccupancyGrid(int size, int submatrixSize) {
[2.075s]       | [01;31m[K^~~~~~[m[K
[2.080s] [01m[K/home/shivam/code-masala/ros/missile/src/occupancy/src/occupancyPub.cpp:[m[K In member function â€˜[01m[Kvoid occupancyMatrixPub::publish_message()[m[Kâ€™:
[2.080s] [01m[K/home/shivam/code-masala/ros/missile/src/occupancy/src/occupancyPub.cpp:35:24:[m[K [01;31m[Kerror: [m[Kâ€˜[01m[Kvector[m[Kâ€™ is not a member of â€˜[01m[Kstd_msgs::msg[m[Kâ€™
[2.080s]    35 |         std_msgs::msg::[01;31m[Kvector[m[K message;
[2.080s]       |                        [01;31m[K^~~~~~[m[K
[2.081s] [01m[K/home/shivam/code-masala/ros/missile/src/occupancy/src/occupancyPub.cpp:35:24:[m[K [01;36m[Knote: [m[Ksuggested alternatives:
[2.081s] In file included from [01m[K/usr/include/c++/11/vector:67[m[K,
[2.081s]                  from [01m[K/usr/include/c++/11/functional:62[m[K,
[2.081s]                  from [01m[K/usr/include/c++/11/pstl/glue_algorithm_defs.h:13[m[K,
[2.081s]                  from [01m[K/usr/include/c++/11/algorithm:74[m[K,
[2.081s]                  from [01m[K/opt/ros/humble/include/rclcpp/rclcpp/executor.hpp:18[m[K,
[2.081s]                  from [01m[K/opt/ros/humble/include/rclcpp/rclcpp/executors/multi_threaded_executor.hpp:25[m[K,
[2.081s]                  from [01m[K/opt/ros/humble/include/rclcpp/rclcpp/executors.hpp:21[m[K,
[2.081s]                  from [01m[K/opt/ros/humble/include/rclcpp/rclcpp/rclcpp.hpp:155[m[K,
[2.081s]                  from [01m[K/home/shivam/code-masala/ros/missile/src/occupancy/src/occupancyPub.cpp:1[m[K:
[2.081s] [01m[K/usr/include/c++/11/bits/stl_vector.h:389:11:[m[K [01;36m[Knote: [m[K  â€˜[01m[Kstd::vector[m[Kâ€™
[2.081s]   389 |     class [01;36m[Kvector[m[K : protected _Vector_base<_Tp, _Alloc>
[2.081s]       |           [01;36m[K^~~~~~[m[K
[2.081s] In file included from [01m[K/usr/include/c++/11/functional:62[m[K,
[2.081s]                  from [01m[K/usr/include/c++/11/pstl/glue_algorithm_defs.h:13[m[K,
[2.082s]                  from [01m[K/usr/include/c++/11/algorithm:74[m[K,
[2.082s]                  from [01m[K/opt/ros/humble/include/rclcpp/rclcpp/executor.hpp:18[m[K,
[2.082s]                  from [01m[K/opt/ros/humble/include/rclcpp/rclcpp/executors/multi_threaded_executor.hpp:25[m[K,
[2.082s]                  from [01m[K/opt/ros/humble/include/rclcpp/rclcpp/executors.hpp:21[m[K,
[2.082s]                  from [01m[K/opt/ros/humble/include/rclcpp/rclcpp/rclcpp.hpp:155[m[K,
[2.082s]                  from [01m[K/home/shivam/code-masala/ros/missile/src/occupancy/src/occupancyPub.cpp:1[m[K:
[2.082s] [01m[K/usr/include/c++/11/vector:86:13:[m[K [01;36m[Knote: [m[K  â€˜[01m[Kstd::pmr::vector[m[Kâ€™
[2.082s]    86 |       using [01;36m[Kvector[m[K = std::vector<_Tp, polymorphic_allocator<_Tp>>;
[2.082s]       |             [01;36m[K^~~~~~[m[K
[2.086s] [01m[K/home/shivam/code-masala/ros/missile/src/occupancy/src/occupancyPub.cpp:37:9:[m[K [01;31m[Kerror: [m[Kâ€˜[01m[Kmessage[m[Kâ€™ was not declared in this scope
[2.086s]    37 |         [01;31m[Kmessage[m[K.data = createOccupancyGrid(50, 5);
[2.086s]       |         [01;31m[K^~~~~~~[m[K
[2.093s] [01m[K/home/shivam/code-masala/ros/missile/src/occupancy/src/occupancyPub.cpp:37:24:[m[K [01;31m[Kerror: [m[Kâ€˜[01m[KcreateOccupancyGrid[m[Kâ€™ was not declared in this scope
[2.093s]    37 |         message.data = [01;31m[KcreateOccupancyGrid[m[K(50, 5);
[2.093s]       |                        [01;31m[K^~~~~~~~~~~~~~~~~~~[m[K
[2.097s] [01m[K/home/shivam/code-masala/ros/missile/src/occupancy/src/occupancyPub.cpp:[m[K In function â€˜[01m[Kint main(int, char**)[m[Kâ€™:
[2.097s] [01m[K/home/shivam/code-masala/ros/missile/src/occupancy/src/occupancyPub.cpp:47:35:[m[K [01;31m[Kerror: [m[Kâ€˜[01m[KCustomPublisherNode[m[Kâ€™ was not declared in this scope
[2.098s]    47 |     rclcpp::spin(std::make_shared<[01;31m[KCustomPublisherNode[m[K>());
[2.098s]       |                                   [01;31m[K^~~~~~~~~~~~~~~~~~~[m[K
[2.098s] [01m[K/home/shivam/code-masala/ros/missile/src/occupancy/src/occupancyPub.cpp:47:55:[m[K [01;31m[Kerror: [m[Kno matching function for call to â€˜[01m[Kmake_shared<<expression error> >()[m[Kâ€™
[2.098s]    47 |     rclcpp::spin([01;31m[Kstd::make_shared<CustomPublisherNode>()[m[K);
[2.098s]       |                  [01;31m[K~~~~~~~~~~~~~~~~~~~~~~~~~~~~~~~~~~~~~^~[m[K
[2.098s] In file included from [01m[K/usr/include/c++/11/memory:77[m[K,
[2.098s]                  from [01m[K/opt/ros/humble/include/rclcpp/rclcpp/rclcpp.hpp:153[m[K,
[2.098s]                  from [01m[K/home/shivam/code-masala/ros/missile/src/occupancy/src/occupancyPub.cpp:1[m[K:
[2.098s] [01m[K/usr/include/c++/11/bits/shared_ptr.h:875:5:[m[K [01;36m[Knote: [m[Kcandidate: â€˜[01m[Ktemplate<class _Tp, class ... _Args> std::shared_ptr<_Tp> std::make_shared(_Args&& ...)[m[Kâ€™
[2.098s]   875 |     [01;36m[Kmake_shared[m[K(_Args&&... __args)
[2.098s]       |     [01;36m[K^~~~~~~~~~~[m[K
[2.098s] [01m[K/usr/include/c++/11/bits/shared_ptr.h:875:5:[m[K [01;36m[Knote: [m[K  template argument deduction/substitution failed:
[2.098s] [01m[K/home/shivam/code-masala/ros/missile/src/occupancy/src/occupancyPub.cpp:47:55:[m[K [01;31m[Kerror: [m[Ktemplate argument 1 is invalid
[2.098s]    47 |     rclcpp::spin([01;31m[Kstd::make_shared<CustomPublisherNode>()[m[K);
[2.098s]       |                  [01;31m[K~~~~~~~~~~~~~~~~~~~~~~~~~~~~~~~~~~~~~^~[m[K
[2.529s] gmake[2]: *** [CMakeFiles/talker.dir/build.make:76: CMakeFiles/talker.dir/src/occupancyPub.cpp.o] Error 1
[2.529s] gmake[1]: *** [CMakeFiles/Makefile2:139: CMakeFiles/talker.dir/all] Error 2
[2.529s] gmake[1]: *** Waiting for unfinished jobs....
[5.550s] [ 75%] [32m[1mLinking CXX executable listener[0m
[5.795s] [ 75%] Built target listener
[5.796s] gmake: *** [Makefile:146: all] Error 2
[5.798s] Invoked command in '/home/shivam/code-masala/ros/missile/build/occupancy' returned '2': CMAKE_PREFIX_PATH=/opt/ros/humble /usr/bin/cmake --build /home/shivam/code-masala/ros/missile/build/occupancy -- -j16 -l16
