[35m[1mConsolidate compiler generated dependencies of target path_visualizer[0m
[ 50%] [32mBuilding CXX object CMakeFiles/path_visualizer.dir/src/simu.cpp.o[0m
[01m[K/home/shivam/code-masala/ros/missile/src/visualization_package/src/simu.cpp:[m[K In constructor â€˜[01m[KpathPub::pathPub()[m[Kâ€™:
[01m[K/home/shivam/code-masala/ros/missile/src/visualization_package/src/simu.cpp:15:9:[m[K [01;31m[Kerror: [m[Kâ€˜[01m[Kpath_pub_[m[Kâ€™ was not declared in this scope; did you mean â€˜[01m[KpathPub[m[Kâ€™?
   15 |         [01;31m[Kpath_pub_[m[K = this->create_publisher<nav_msgs::msg::Path>("planned_path", 10);
      |         [01;31m[K^~~~~~~~~[m[K
      |         [32m[KpathPub[m[K
[01m[K/home/shivam/code-masala/ros/missile/src/visualization_package/src/simu.cpp:15:44:[m[K [01;31m[Kerror: [m[Kâ€˜[01m[Knav_msgs[m[Kâ€™ was not declared in this scope
   15 |         path_pub_ = this->create_publisher<[01;31m[Knav_msgs[m[K::msg::Path>("planned_path", 10);
      |                                            [01;31m[K^~~~~~~~[m[K
[01m[K/home/shivam/code-masala/ros/missile/src/visualization_package/src/simu.cpp:15:27:[m[K [01;31m[Kerror: [m[Kparse error in template argument list
   15 |         path_pub_ = this->[01;31m[Kcreate_publisher<nav_msgs::msg::Path>[m[K("planned_path", 10);
      |                           [01;31m[K^~~~~~~~~~~~~~~~~~~~~~~~~~~~~~~~~~~~~[m[K
[01m[K/home/shivam/code-masala/ros/missile/src/visualization_package/src/simu.cpp:15:64:[m[K [01;31m[Kerror: [m[Kno matching function for call to â€˜[01m[KpathPub::create_publisher<<expression error> >(const char [13], int)[m[Kâ€™
   15 |         path_pub_ = [01;31m[Kthis->create_publisher<nav_msgs::msg::Path>("planned_path", 10)[m[K;
      |                     [01;31m[K~~~~~~~~~~~~~~~~~~~~~~~~~~~~~~~~~~~~~~~~~~~^~~~~~~~~~~~~~~~~~~~[m[K
In file included from [01m[K/opt/ros/humble/include/rclcpp/rclcpp/executors/single_threaded_executor.hpp:28[m[K,
                 from [01m[K/opt/ros/humble/include/rclcpp/rclcpp/executors.hpp:22[m[K,
                 from [01m[K/opt/ros/humble/include/rclcpp/rclcpp/rclcpp.hpp:155[m[K,
                 from [01m[K/home/shivam/code-masala/ros/missile/src/visualization_package/src/simu.cpp:1[m[K:
[01m[K/opt/ros/humble/include/rclcpp/rclcpp/node.hpp:195:3:[m[K [01;36m[Knote: [m[Kcandidate: â€˜[01m[Ktemplate<class MessageT, class AllocatorT, class PublisherT> std::shared_ptr<PublisherT> rclcpp::Node::create_publisher(const string&, const rclcpp::QoS&, const rclcpp::PublisherOptionsWithAllocator<AllocatorT>&)[m[Kâ€™
  195 |   [01;36m[Kcreate_publisher[m[K(
      |   [01;36m[K^~~~~~~~~~~~~~~~[m[K
[01m[K/opt/ros/humble/include/rclcpp/rclcpp/node.hpp:195:3:[m[K [01;36m[Knote: [m[K  template argument deduction/substitution failed:
[01m[K/home/shivam/code-masala/ros/missile/src/visualization_package/src/simu.cpp:15:64:[m[K [01;31m[Kerror: [m[Ktemplate argument 1 is invalid
   15 |         path_pub_ = [01;31m[Kthis->create_publisher<nav_msgs::msg::Path>("planned_path", 10)[m[K;
      |                     [01;31m[K~~~~~~~~~~~~~~~~~~~~~~~~~~~~~~~~~~~~~~~~~~~^~~~~~~~~~~~~~~~~~~~[m[K
[01m[K/home/shivam/code-masala/ros/missile/src/visualization_package/src/simu.cpp:16:9:[m[K [01;31m[Kerror: [m[Kâ€˜[01m[Kpose_pub_[m[Kâ€™ was not declared in this scope
   16 |         [01;31m[Kpose_pub_[m[K = this->create_publisher<geometry_msgs::msg::PoseStamped>("robot_pose", 10);
      |         [01;31m[K^~~~~~~~~[m[K
[01m[K/home/shivam/code-masala/ros/missile/src/visualization_package/src/simu.cpp:16:44:[m[K [01;31m[Kerror: [m[Kâ€˜[01m[Kgeometry_msgs[m[Kâ€™ was not declared in this scope
   16 |         pose_pub_ = this->create_publisher<[01;31m[Kgeometry_msgs[m[K::msg::PoseStamped>("robot_pose", 10);
      |                                            [01;31m[K^~~~~~~~~~~~~[m[K
[01m[K/home/shivam/code-masala/ros/missile/src/visualization_package/src/simu.cpp:16:27:[m[K [01;31m[Kerror: [m[Kparse error in template argument list
   16 |         pose_pub_ = this->[01;31m[Kcreate_publisher<geometry_msgs::msg::PoseStamped>[m[K("robot_pose", 10);
      |                           [01;31m[K^~~~~~~~~~~~~~~~~~~~~~~~~~~~~~~~~~~~~~~~~~~~~~~~~[m[K
[01m[K/home/shivam/code-masala/ros/missile/src/visualization_package/src/simu.cpp:16:76:[m[K [01;31m[Kerror: [m[Kno matching function for call to â€˜[01m[KpathPub::create_publisher<<expression error> >(const char [11], int)[m[Kâ€™
   16 |         pose_pub_ = [01;31m[Kthis->create_publisher<geometry_msgs::msg::PoseStamped>("robot_pose", 10)[m[K;
      |                     [01;31m[K~~~~~~~~~~~~~~~~~~~~~~~~~~~~~~~~~~~~~~~~~~~~~~~~~~~~~~~^~~~~~~~~~~~~~~~~~[m[K
In file included from [01m[K/opt/ros/humble/include/rclcpp/rclcpp/executors/single_threaded_executor.hpp:28[m[K,
                 from [01m[K/opt/ros/humble/include/rclcpp/rclcpp/executors.hpp:22[m[K,
                 from [01m[K/opt/ros/humble/include/rclcpp/rclcpp/rclcpp.hpp:155[m[K,
                 from [01m[K/home/shivam/code-masala/ros/missile/src/visualization_package/src/simu.cpp:1[m[K:
[01m[K/opt/ros/humble/include/rclcpp/rclcpp/node.hpp:195:3:[m[K [01;36m[Knote: [m[Kcandidate: â€˜[01m[Ktemplate<class MessageT, class AllocatorT, class PublisherT> std::shared_ptr<PublisherT> rclcpp::Node::create_publisher(const string&, const rclcpp::QoS&, const rclcpp::PublisherOptionsWithAllocator<AllocatorT>&)[m[Kâ€™
  195 |   [01;36m[Kcreate_publisher[m[K(
      |   [01;36m[K^~~~~~~~~~~~~~~~[m[K
[01m[K/opt/ros/humble/include/rclcpp/rclcpp/node.hpp:195:3:[m[K [01;36m[Knote: [m[K  template argument deduction/substitution failed:
[01m[K/home/shivam/code-masala/ros/missile/src/visualization_package/src/simu.cpp:16:76:[m[K [01;31m[Kerror: [m[Ktemplate argument 1 is invalid
   16 |         pose_pub_ = [01;31m[Kthis->create_publisher<geometry_msgs::msg::PoseStamped>("robot_pose", 10)[m[K;
      |                     [01;31m[K~~~~~~~~~~~~~~~~~~~~~~~~~~~~~~~~~~~~~~~~~~~~~~~~~~~~~~~^~~~~~~~~~~~~~~~~~[m[K
[01m[K/home/shivam/code-masala/ros/missile/src/visualization_package/src/simu.cpp:[m[K In member function â€˜[01m[Kvoid pathPub::publish_message()[m[Kâ€™:
[01m[K/home/shivam/code-masala/ros/missile/src/visualization_package/src/simu.cpp:28:45:[m[K [01;31m[Kerror: [m[Kâ€˜[01m[KcreateOccupancyGrid[m[Kâ€™ was not declared in this scope; did you mean â€˜[01m[KoccupancyGrid[m[Kâ€™?
   28 |         vector<vector<int>> occupancyGrid = [01;31m[KcreateOccupancyGrid[m[K(50, 5);
      |                                             [01;31m[K^~~~~~~~~~~~~~~~~~~[m[K
      |                                             [32m[KoccupancyGrid[m[K
[01m[K/home/shivam/code-masala/ros/missile/src/visualization_package/src/simu.cpp:30:20:[m[K [01;31m[Kerror: [m[Kâ€˜[01m[KoccupancyGr[m[Kâ€™ was not declared in this scope; did you mean â€˜[01m[KoccupancyGrid[m[Kâ€™?
   30 |         int rows = [01;31m[KoccupancyGr[m[K
      |                    [01;31m[K^~~~~~~~~~~[m[K
      |                    [32m[KoccupancyGrid[m[K
gmake[2]: *** [CMakeFiles/path_visualizer.dir/build.make:76: CMakeFiles/path_visualizer.dir/src/simu.cpp.o] Error 1
gmake[1]: *** [CMakeFiles/Makefile2:137: CMakeFiles/path_visualizer.dir/all] Error 2
gmake: *** [Makefile:146: all] Error 2
