[35m[1mConsolidate compiler generated dependencies of target listener[0m
[ 50%] Built target talker
[ 75%] [32mBuilding CXX object CMakeFiles/listener.dir/src/subscriber.cpp.o[0m
[01m[K/home/shivam/code-masala/ros/missile/src/occupancy/src/subscriber.cpp:[m[K In member function â€˜[01m[Kvoid OccupancyMatrixSub::topic_callback(std_msgs::msg::String_<std::allocator<void> >::SharedPtr)[m[Kâ€™:
[01m[K/home/shivam/code-masala/ros/missile/src/occupancy/src/subscriber.cpp:30:42:[m[K [01;31m[Kerror: [m[Kno matching function for call to â€˜[01m[Kbegin(const std::pair<int, int>&)[m[Kâ€™
   30 |                 for (const auto &coord : [01;31m[Kcoord_set[m[K) {
      |                                          [01;31m[K^~~~~~~~~[m[K
In file included from [01m[K/usr/include/c++/11/utility:76[m[K,
                 from [01m[K/usr/include/c++/11/bits/unique_ptr.h:36[m[K,
                 from [01m[K/usr/include/c++/11/memory:76[m[K,
                 from [01m[K/opt/ros/humble/include/rclcpp/rclcpp/rclcpp.hpp:153[m[K,
                 from [01m[K/home/shivam/code-masala/ros/missile/src/occupancy/src/subscriber.cpp:1[m[K:
[01m[K/usr/include/c++/11/initializer_list:90:5:[m[K [01;36m[Knote: [m[Kcandidate: â€˜[01m[Ktemplate<class _Tp> constexpr const _Tp* std::begin(std::initializer_list<_Tp>)[m[Kâ€™
   90 |     [01;36m[Kbegin[m[K(initializer_list<_Tp> __ils) noexcept
      |     [01;36m[K^~~~~[m[K
[01m[K/usr/include/c++/11/initializer_list:90:5:[m[K [01;36m[Knote: [m[K  template argument deduction/substitution failed:
[01m[K/home/shivam/code-masala/ros/missile/src/occupancy/src/subscriber.cpp:30:42:[m[K [01;36m[Knote: [m[K  â€˜[01m[Kstd::pair<int, int>[m[Kâ€™ is not derived from â€˜[01m[Kstd::initializer_list<_Tp>[m[Kâ€™
   30 |                 for (const auto &coord : [01;36m[Kcoord_set[m[K) {
      |                                          [01;36m[K^~~~~~~~~[m[K
In file included from [01m[K/usr/include/c++/11/array:41[m[K,
                 from [01m[K/usr/include/c++/11/tuple:39[m[K,
                 from [01m[K/usr/include/c++/11/bits/unique_ptr.h:37[m[K,
                 from [01m[K/usr/include/c++/11/memory:76[m[K,
                 from [01m[K/opt/ros/humble/include/rclcpp/rclcpp/rclcpp.hpp:153[m[K,
                 from [01m[K/home/shivam/code-masala/ros/missile/src/occupancy/src/subscriber.cpp:1[m[K:
[01m[K/usr/include/c++/11/bits/range_access.h:51:5:[m[K [01;36m[Knote: [m[Kcandidate: â€˜[01m[Ktemplate<class _Container> constexpr decltype (__cont.begin()) std::begin(_Container&)[m[Kâ€™
   51 |     [01;36m[Kbegin[m[K(_Container& __cont) -> decltype(__cont.begin())
      |     [01;36m[K^~~~~[m[K
[01m[K/usr/include/c++/11/bits/range_access.h:51:5:[m[K [01;36m[Knote: [m[K  template argument deduction/substitution failed:
/usr/include/c++/11/bits/range_access.h: In substitution of â€˜[01m[Ktemplate<class _Container> constexpr decltype (__cont.begin()) std::begin(_Container&) [with _Container = const std::pair<int, int>][m[Kâ€™:
[01m[K/home/shivam/code-masala/ros/missile/src/occupancy/src/subscriber.cpp:30:42:[m[K   required from here
[01m[K/usr/include/c++/11/bits/range_access.h:51:50:[m[K [01;31m[Kerror: [m[Kâ€˜[01m[Kconst struct std::pair<int, int>[m[Kâ€™ has no member named â€˜[01m[Kbegin[m[Kâ€™
   51 |     begin(_Container& __cont) -> decltype([01;31m[K__cont.begin[m[K())
      |                                           [01;31m[K~~~~~~~^~~~~[m[K
[01m[K/usr/include/c++/11/bits/range_access.h:61:5:[m[K [01;36m[Knote: [m[Kcandidate: â€˜[01m[Ktemplate<class _Container> constexpr decltype (__cont.begin()) std::begin(const _Container&)[m[Kâ€™
   61 |     [01;36m[Kbegin[m[K(const _Container& __cont) -> decltype(__cont.begin())
      |     [01;36m[K^~~~~[m[K
[01m[K/usr/include/c++/11/bits/range_access.h:61:5:[m[K [01;36m[Knote: [m[K  template argument deduction/substitution failed:
/usr/include/c++/11/bits/range_access.h: In substitution of â€˜[01m[Ktemplate<class _Container> constexpr decltype (__cont.begin()) std::begin(const _Container&) [with _Container = std::pair<int, int>][m[Kâ€™:
[01m[K/home/shivam/code-masala/ros/missile/src/occupancy/src/subscriber.cpp:30:42:[m[K   required from here
[01m[K/usr/include/c++/11/bits/range_access.h:61:56:[m[K [01;31m[Kerror: [m[Kâ€˜[01m[Kconst struct std::pair<int, int>[m[Kâ€™ has no member named â€˜[01m[Kbegin[m[Kâ€™
   61 |     begin(const _Container& __cont) -> decltype([01;31m[K__cont.begin[m[K())
      |                                                 [01;31m[K~~~~~~~^~~~~[m[K
[01m[K/usr/include/c++/11/bits/range_access.h:90:5:[m[K [01;36m[Knote: [m[Kcandidate: â€˜[01m[Ktemplate<class _Tp, long unsigned int _Nm> constexpr _Tp* std::begin(_Tp (&)[_Nm])[m[Kâ€™
   90 |     [01;36m[Kbegin[m[K(_Tp (&__arr)[_Nm]) noexcept
      |     [01;36m[K^~~~~[m[K
[01m[K/usr/include/c++/11/bits/range_access.h:90:5:[m[K [01;36m[Knote: [m[K  template argument deduction/substitution failed:
[01m[K/home/shivam/code-masala/ros/missile/src/occupancy/src/subscriber.cpp:30:42:[m[K [01;36m[Knote: [m[K  mismatched types â€˜[01m[K_Tp [_Nm][m[Kâ€™ and â€˜[01m[Kconst std::pair<int, int>[m[Kâ€™
   30 |                 for (const auto &coord : [01;36m[Kcoord_set[m[K) {
      |                                          [01;36m[K^~~~~~~~~[m[K
In file included from [01m[K/usr/include/c++/11/array:41[m[K,
                 from [01m[K/usr/include/c++/11/tuple:39[m[K,
                 from [01m[K/usr/include/c++/11/bits/unique_ptr.h:37[m[K,
                 from [01m[K/usr/include/c++/11/memory:76[m[K,
                 from [01m[K/opt/ros/humble/include/rclcpp/rclcpp/rclcpp.hpp:153[m[K,
                 from [01m[K/home/shivam/code-masala/ros/missile/src/occupancy/src/subscriber.cpp:1[m[K:
[01m[K/usr/include/c++/11/bits/range_access.h:107:31:[m[K [01;36m[Knote: [m[Kcandidate: â€˜[01m[Ktemplate<class _Tp> _Tp* std::begin(std::valarray<_Tp>&)[m[Kâ€™
  107 |   template<typename _Tp> _Tp* [01;36m[Kbegin[m[K(valarray<_Tp>&) noexcept;
      |                               [01;36m[K^~~~~[m[K
[01m[K/usr/include/c++/11/bits/range_access.h:107:31:[m[K [01;36m[Knote: [m[K  template argument deduction/substitution failed:
[01m[K/home/shivam/code-masala/ros/missile/src/occupancy/src/subscriber.cpp:30:42:[m[K [01;36m[Knote: [m[K  types â€˜[01m[Kstd::valarray<_Tp>[m[Kâ€™ and â€˜[01m[Kconst std::pair<int, int>[m[Kâ€™ have incompatible cv-qualifiers
   30 |                 for (const auto &coord : [01;36m[Kcoord_set[m[K) {
      |                                          [01;36m[K^~~~~~~~~[m[K
In file included from [01m[K/usr/include/c++/11/array:41[m[K,
                 from [01m[K/usr/include/c++/11/tuple:39[m[K,
                 from [01m[K/usr/include/c++/11/bits/unique_ptr.h:37[m[K,
                 from [01m[K/usr/include/c++/11/memory:76[m[K,
                 from [01m[K/opt/ros/humble/include/rclcpp/rclcpp/rclcpp.hpp:153[m[K,
                 from [01m[K/home/shivam/code-masala/ros/missile/src/occupancy/src/subscriber.cpp:1[m[K:
[01m[K/usr/include/c++/11/bits/range_access.h:108:37:[m[K [01;36m[Knote: [m[Kcandidate: â€˜[01m[Ktemplate<class _Tp> const _Tp* std::begin(const std::valarray<_Tp>&)[m[Kâ€™
  108 |   template<typename _Tp> const _Tp* [01;36m[Kbegin[m[K(const valarray<_Tp>&) noexcept;
      |                                     [01;36m[K^~~~~[m[K
[01m[K/usr/include/c++/11/bits/range_access.h:108:37:[m[K [01;36m[Knote: [m[K  template argument deduction/substitution failed:
[01m[K/home/shivam/code-masala/ros/missile/src/occupancy/src/subscriber.cpp:30:42:[m[K [01;36m[Knote: [m[K  â€˜[01m[Kconst std::pair<int, int>[m[Kâ€™ is not derived from â€˜[01m[Kconst std::valarray<_Tp>[m[Kâ€™
   30 |                 for (const auto &coord : [01;36m[Kcoord_set[m[K) {
      |                                          [01;36m[K^~~~~~~~~[m[K
[01m[K/home/shivam/code-masala/ros/missile/src/occupancy/src/subscriber.cpp:30:42:[m[K [01;31m[Kerror: [m[Kno matching function for call to â€˜[01m[Kend(const std::pair<int, int>&)[m[Kâ€™
In file included from [01m[K/usr/include/c++/11/utility:76[m[K,
                 from [01m[K/usr/include/c++/11/bits/unique_ptr.h:36[m[K,
                 from [01m[K/usr/include/c++/11/memory:76[m[K,
                 from [01m[K/opt/ros/humble/include/rclcpp/rclcpp/rclcpp.hpp:153[m[K,
                 from [01m[K/home/shivam/code-masala/ros/missile/src/occupancy/src/subscriber.cpp:1[m[K:
[01m[K/usr/include/c++/11/initializer_list:101:5:[m[K [01;36m[Knote: [m[Kcandidate: â€˜[01m[Ktemplate<class _Tp> constexpr const _Tp* std::end(std::initializer_list<_Tp>)[m[Kâ€™
  101 |     [01;36m[Kend[m[K(initializer_list<_Tp> __ils) noexcept
      |     [01;36m[K^~~[m[K
[01m[K/usr/include/c++/11/initializer_list:101:5:[m[K [01;36m[Knote: [m[K  template argument deduction/substitution failed:
[01m[K/home/shivam/code-masala/ros/missile/src/occupancy/src/subscriber.cpp:30:42:[m[K [01;36m[Knote: [m[K  â€˜[01m[Kstd::pair<int, int>[m[Kâ€™ is not derived from â€˜[01m[Kstd::initializer_list<_Tp>[m[Kâ€™
   30 |                 for (const auto &coord : [01;36m[Kcoord_set[m[K) {
      |                                          [01;36m[K^~~~~~~~~[m[K
In file included from [01m[K/usr/include/c++/11/array:41[m[K,
                 from [01m[K/usr/include/c++/11/tuple:39[m[K,
                 from [01m[K/usr/include/c++/11/bits/unique_ptr.h:37[m[K,
                 from [01m[K/usr/include/c++/11/memory:76[m[K,
                 from [01m[K/opt/ros/humble/include/rclcpp/rclcpp/rclcpp.hpp:153[m[K,
                 from [01m[K/home/shivam/code-masala/ros/missile/src/occupancy/src/subscriber.cpp:1[m[K:
[01m[K/usr/include/c++/11/bits/range_access.h:71:5:[m[K [01;36m[Knote: [m[Kcandidate: â€˜[01m[Ktemplate<class _Container> constexpr decltype (__cont.end()) std::end(_Container&)[m[Kâ€™
   71 |     [01;36m[Kend[m[K(_Container& __cont) -> decltype(__cont.end())
      |     [01;36m[K^~~[m[K
[01m[K/usr/include/c++/11/bits/range_access.h:71:5:[m[K [01;36m[Knote: [m[K  template argument deduction/substitution failed:
/usr/include/c++/11/bits/range_access.h: In substitution of â€˜[01m[Ktemplate<class _Container> constexpr decltype (__cont.end()) std::end(_Container&) [with _Container = const std::pair<int, int>][m[Kâ€™:
[01m[K/home/shivam/code-masala/ros/missile/src/occupancy/src/subscriber.cpp:30:42:[m[K   required from here
[01m[K/usr/include/c++/11/bits/range_access.h:71:48:[m[K [01;31m[Kerror: [m[Kâ€˜[01m[Kconst struct std::pair<int, int>[m[Kâ€™ has no member named â€˜[01m[Kend[m[Kâ€™
   71 |     end(_Container& __cont) -> decltype([01;31m[K__cont.end[m[K())
      |                                         [01;31m[K~~~~~~~^~~[m[K
[01m[K/usr/include/c++/11/bits/range_access.h:81:5:[m[K [01;36m[Knote: [m[Kcandidate: â€˜[01m[Ktemplate<class _Container> constexpr decltype (__cont.end()) std::end(const _Container&)[m[Kâ€™
   81 |     [01;36m[Kend[m[K(const _Container& __cont) -> decltype(__cont.end())
      |     [01;36m[K^~~[m[K
[01m[K/usr/include/c++/11/bits/range_access.h:81:5:[m[K [01;36m[Knote: [m[K  template argument deduction/substitution failed:
/usr/include/c++/11/bits/range_access.h: In substitution of â€˜[01m[Ktemplate<class _Container> constexpr decltype (__cont.end()) std::end(const _Container&) [with _Container = std::pair<int, int>][m[Kâ€™:
[01m[K/home/shivam/code-masala/ros/missile/src/occupancy/src/subscriber.cpp:30:42:[m[K   required from here
[01m[K/usr/include/c++/11/bits/range_access.h:81:54:[m[K [01;31m[Kerror: [m[Kâ€˜[01m[Kconst struct std::pair<int, int>[m[Kâ€™ has no member named â€˜[01m[Kend[m[Kâ€™
   81 |     end(const _Container& __cont) -> decltype([01;31m[K__cont.end[m[K())
      |                                               [01;31m[K~~~~~~~^~~[m[K
[01m[K/usr/include/c++/11/bits/range_access.h:100:5:[m[K [01;36m[Knote: [m[Kcandidate: â€˜[01m[Ktemplate<class _Tp, long unsigned int _Nm> constexpr _Tp* std::end(_Tp (&)[_Nm])[m[Kâ€™
  100 |     [01;36m[Kend[m[K(_Tp (&__arr)[_Nm]) noexcept
      |     [01;36m[K^~~[m[K
[01m[K/usr/include/c++/11/bits/range_access.h:100:5:[m[K [01;36m[Knote: [m[K  template argument deduction/substitution failed:
[01m[K/home/shivam/code-masala/ros/missile/src/occupancy/src/subscriber.cpp:30:42:[m[K [01;36m[Knote: [m[K  mismatched types â€˜[01m[K_Tp [_Nm][m[Kâ€™ and â€˜[01m[Kconst std::pair<int, int>[m[Kâ€™
   30 |                 for (const auto &coord : [01;36m[Kcoord_set[m[K) {
      |                                          [01;36m[K^~~~~~~~~[m[K
In file included from [01m[K/usr/include/c++/11/array:41[m[K,
                 from [01m[K/usr/include/c++/11/tuple:39[m[K,
                 from [01m[K/usr/include/c++/11/bits/unique_ptr.h:37[m[K,
                 from [01m[K/usr/include/c++/11/memory:76[m[K,
                 from [01m[K/opt/ros/humble/include/rclcpp/rclcpp/rclcpp.hpp:153[m[K,
                 from [01m[K/home/shivam/code-masala/ros/missile/src/occupancy/src/subscriber.cpp:1[m[K:
[01m[K/usr/include/c++/11/bits/range_access.h:109:31:[m[K [01;36m[Knote: [m[Kcandidate: â€˜[01m[Ktemplate<class _Tp> _Tp* std::end(std::valarray<_Tp>&)[m[Kâ€™
  109 |   template<typename _Tp> _Tp* [01;36m[Kend[m[K(valarray<_Tp>&) noexcept;
      |                               [01;36m[K^~~[m[K
[01m[K/usr/include/c++/11/bits/range_access.h:109:31:[m[K [01;36m[Knote: [m[K  template argument deduction/substitution failed:
[01m[K/home/shivam/code-masala/ros/missile/src/occupancy/src/subscriber.cpp:30:42:[m[K [01;36m[Knote: [m[K  types â€˜[01m[Kstd::valarray<_Tp>[m[Kâ€™ and â€˜[01m[Kconst std::pair<int, int>[m[Kâ€™ have incompatible cv-qualifiers
   30 |                 for (const auto &coord : [01;36m[Kcoord_set[m[K) {
      |                                          [01;36m[K^~~~~~~~~[m[K
In file included from [01m[K/usr/include/c++/11/array:41[m[K,
                 from [01m[K/usr/include/c++/11/tuple:39[m[K,
                 from [01m[K/usr/include/c++/11/bits/unique_ptr.h:37[m[K,
                 from [01m[K/usr/include/c++/11/memory:76[m[K,
                 from [01m[K/opt/ros/humble/include/rclcpp/rclcpp/rclcpp.hpp:153[m[K,
                 from [01m[K/home/shivam/code-masala/ros/missile/src/occupancy/src/subscriber.cpp:1[m[K:
[01m[K/usr/include/c++/11/bits/range_access.h:110:37:[m[K [01;36m[Knote: [m[Kcandidate: â€˜[01m[Ktemplate<class _Tp> const _Tp* std::end(const std::valarray<_Tp>&)[m[Kâ€™
  110 |   template<typename _Tp> const _Tp* [01;36m[Kend[m[K(const valarray<_Tp>&) noexcept;
      |                                     [01;36m[K^~~[m[K
[01m[K/usr/include/c++/11/bits/range_access.h:110:37:[m[K [01;36m[Knote: [m[K  template argument deduction/substitution failed:
[01m[K/home/shivam/code-masala/ros/missile/src/occupancy/src/subscriber.cpp:30:42:[m[K [01;36m[Knote: [m[K  â€˜[01m[Kconst std::pair<int, int>[m[Kâ€™ is not derived from â€˜[01m[Kconst std::valarray<_Tp>[m[Kâ€™
   30 |                 for (const auto &coord : [01;36m[Kcoord_set[m[K) {
      |                                          [01;36m[K^~~~~~~~~[m[K
[01m[K/home/shivam/code-masala/ros/missile/src/occupancy/src/subscriber.cpp:[m[K In member function â€˜[01m[Kstd::vector<std::pair<int, int> > OccupancyMatrixSub::findSquareTargets(std::string)[m[Kâ€™:
[01m[K/home/shivam/code-masala/ros/missile/src/occupancy/src/subscriber.cpp:71:46:[m[K [01;31m[Kerror: [m[Kno matching function for call to â€˜[01m[Kstd::vector<std::pair<int, int> >::push_back(int&, int&)[m[Kâ€™
   71 |                         [01;31m[Kcoordinates.push_back(row,col)[m[K;
      |                         [01;31m[K~~~~~~~~~~~~~~~~~~~~~^~~~~~~~~[m[K
In file included from [01m[K/usr/include/c++/11/vector:67[m[K,
                 from [01m[K/usr/include/c++/11/functional:62[m[K,
                 from [01m[K/usr/include/c++/11/pstl/glue_algorithm_defs.h:13[m[K,
                 from [01m[K/usr/include/c++/11/algorithm:74[m[K,
                 from [01m[K/opt/ros/humble/include/rclcpp/rclcpp/executor.hpp:18[m[K,
                 from [01m[K/opt/ros/humble/include/rclcpp/rclcpp/executors/multi_threaded_executor.hpp:25[m[K,
                 from [01m[K/opt/ros/humble/include/rclcpp/rclcpp/executors.hpp:21[m[K,
                 from [01m[K/opt/ros/humble/include/rclcpp/rclcpp/rclcpp.hpp:155[m[K,
                 from [01m[K/home/shivam/code-masala/ros/missile/src/occupancy/src/subscriber.cpp:1[m[K:
[01m[K/usr/include/c++/11/bits/stl_vector.h:1187:7:[m[K [01;36m[Knote: [m[Kcandidate: â€˜[01m[Kvoid std::vector<_Tp, _Alloc>::push_back(const value_type&) [with _Tp = std::pair<int, int>; _Alloc = std::allocator<std::pair<int, int> >; std::vector<_Tp, _Alloc>::value_type = std::pair<int, int>][m[Kâ€™
 1187 |       [01;36m[Kpush_back[m[K(const value_type& __x)
      |       [01;36m[K^~~~~~~~~[m[K
[01m[K/usr/include/c++/11/bits/stl_vector.h:1187:7:[m[K [01;36m[Knote: [m[K  candidate expects 1 argument, 2 provided
[01m[K/usr/include/c++/11/bits/stl_vector.h:1203:7:[m[K [01;36m[Knote: [m[Kcandidate: â€˜[01m[Kvoid std::vector<_Tp, _Alloc>::push_back(std::vector<_Tp, _Alloc>::value_type&&) [with _Tp = std::pair<int, int>; _Alloc = std::allocator<std::pair<int, int> >; std::vector<_Tp, _Alloc>::value_type = std::pair<int, int>][m[Kâ€™
 1203 |       [01;36m[Kpush_back[m[K(value_type&& __x)
      |       [01;36m[K^~~~~~~~~[m[K
[01m[K/usr/include/c++/11/bits/stl_vector.h:1203:7:[m[K [01;36m[Knote: [m[K  candidate expects 1 argument, 2 provided
gmake[2]: *** [CMakeFiles/listener.dir/build.make:76: CMakeFiles/listener.dir/src/subscriber.cpp.o] Error 1
gmake[1]: *** [CMakeFiles/Makefile2:165: CMakeFiles/listener.dir/all] Error 2
gmake: *** [Makefile:146: all] Error 2
