[0.013s] Invoking command in '/home/shivam/code-masala/ros/missile/src/build/visualization_package': CMAKE_PREFIX_PATH=${CMAKE_PREFIX_PATH}:/opt/ros/humble /usr/bin/cmake --build /home/shivam/code-masala/ros/missile/src/build/visualization_package -- -j16 -l16
[0.062s] [35m[1mConsolidate compiler generated dependencies of target path_visualizer[0m
[0.084s] [ 50%] [32mBuilding CXX object CMakeFiles/path_visualizer.dir/src/simu.cpp.o[0m
[2.695s] [01m[K/home/shivam/code-masala/ros/missile/src/visualization_package/src/simu.cpp:[m[K In constructor â€˜[01m[KPathVisualizer::PathVisualizer()[m[Kâ€™:
[2.695s] [01m[K/home/shivam/code-masala/ros/missile/src/visualization_package/src/simu.cpp:12:59:[m[K [01;31m[Kerror: [m[Kâ€˜[01m[KPath[m[Kâ€™ is not a member of â€˜[01m[Kstd_msgs::msg[m[Kâ€™; did you mean â€˜[01m[Knav_msgs::msg::Path[m[Kâ€™?
[2.695s]    12 |         path_pub_ = this->create_publisher<std_msgs::msg::[01;31m[KPath[m[K>(
[2.695s]       |                                                           [01;31m[K^~~~[m[K
[2.695s] In file included from [01m[K/opt/ros/humble/include/nav_msgs/nav_msgs/msg/path.hpp:7[m[K,
[2.695s]                  from [01m[K/home/shivam/code-masala/ros/missile/src/visualization_package/src/simu.cpp:3[m[K:
[2.695s] [01m[K/opt/ros/humble/include/nav_msgs/nav_msgs/msg/detail/path__struct.hpp:133:7:[m[K [01;36m[Knote: [m[Kâ€˜[01m[Knav_msgs::msg::Path[m[Kâ€™ declared here
[2.695s]   133 | using [01;36m[KPath[m[K =
[2.695s]       |       [01;36m[K^~~~[m[K
[2.695s] [01m[K/home/shivam/code-masala/ros/missile/src/visualization_package/src/simu.cpp:12:64:[m[K [01;31m[Kerror: [m[Kno matching function for call to â€˜[01m[KPathVisualizer::create_publisher<<expression error> >(const char [13], int)[m[Kâ€™
[2.695s]    12 |         path_pub_ = [01;31m[Kthis->create_publisher<std_msgs::msg::Path>([m[K
[2.695s]       |                     [01;31m[K~~~~~~~~~~~~~~~~~~~~~~~~~~~~~~~~~~~~~~~~~~~^[m[K
[2.696s]    13 | [01;31m[K            "planned_path", 10)[m[K;
[2.696s]       |             [01;31m[K~~~~~~~~~~~~~~~~~~~[m[K                                 
[2.697s] In file included from [01m[K/opt/ros/humble/include/rclcpp/rclcpp/executors/single_threaded_executor.hpp:28[m[K,
[2.697s]                  from [01m[K/opt/ros/humble/include/rclcpp/rclcpp/executors.hpp:22[m[K,
[2.697s]                  from [01m[K/opt/ros/humble/include/rclcpp/rclcpp/rclcpp.hpp:155[m[K,
[2.697s]                  from [01m[K/home/shivam/code-masala/ros/missile/src/visualization_package/src/simu.cpp:1[m[K:
[2.697s] [01m[K/opt/ros/humble/include/rclcpp/rclcpp/node.hpp:195:3:[m[K [01;36m[Knote: [m[Kcandidate: â€˜[01m[Ktemplate<class MessageT, class AllocatorT, class PublisherT> std::shared_ptr<PublisherT> rclcpp::Node::create_publisher(const string&, const rclcpp::QoS&, const rclcpp::PublisherOptionsWithAllocator<AllocatorT>&)[m[Kâ€™
[2.697s]   195 |   [01;36m[Kcreate_publisher[m[K(
[2.697s]       |   [01;36m[K^~~~~~~~~~~~~~~~[m[K
[2.697s] [01m[K/opt/ros/humble/include/rclcpp/rclcpp/node.hpp:195:3:[m[K [01;36m[Knote: [m[K  template argument deduction/substitution failed:
[2.697s] [01m[K/home/shivam/code-masala/ros/missile/src/visualization_package/src/simu.cpp:12:64:[m[K [01;31m[Kerror: [m[Ktemplate argument 1 is invalid
[2.697s]    12 |         path_pub_ = [01;31m[Kthis->create_publisher<std_msgs::msg::Path>([m[K
[2.697s]       |                     [01;31m[K~~~~~~~~~~~~~~~~~~~~~~~~~~~~~~~~~~~~~~~~~~~^[m[K
[2.697s]    13 | [01;31m[K            "planned_path", 10)[m[K;
[2.697s]       |             [01;31m[K~~~~~~~~~~~~~~~~~~~[m[K                                 
[2.699s] [01m[K/home/shivam/code-masala/ros/missile/src/visualization_package/src/simu.cpp:18:40:[m[K [01;31m[Kerror: [m[Kâ€˜[01m[KpublishPath[m[Kâ€™ is not a member of â€˜[01m[KPathVisualizer[m[Kâ€™
[2.699s]    18 |             std::bind(&PathVisualizer::[01;31m[KpublishPath[m[K, this));
[2.699s]       |                                        [01;31m[K^~~~~~~~~~~[m[K
[2.709s] [01m[K/home/shivam/code-masala/ros/missile/src/visualization_package/src/simu.cpp:27:9:[m[K [01;31m[Kerror: [m[Kâ€˜[01m[Kpath_points_[m[Kâ€™ was not declared in this scope
[2.709s]    27 |         [01;31m[Kpath_points_[m[K = generatePath(start_x, start_y, target_x, target_y, target_z);
[2.709s]       |         [01;31m[K^~~~~~~~~~~~[m[K
[2.709s] [01m[K/home/shivam/code-masala/ros/missile/src/visualization_package/src/simu.cpp:27:36:[m[K [01;31m[Kerror: [m[Kno matching function for call to â€˜[01m[KPathVisualizer::generatePath(float&, float&, float&, float&, float&)[m[Kâ€™
[2.709s]    27 |         path_points_ = [01;31m[KgeneratePath(start_x, start_y, target_x, target_y, target_z)[m[K;
[2.709s]       |                        [01;31m[K~~~~~~~~~~~~^~~~~~~~~~~~~~~~~~~~~~~~~~~~~~~~~~~~~~~~~~~~~~~~[m[K
[2.709s] [01m[K/home/shivam/code-masala/ros/missile/src/visualization_package/src/simu.cpp:34:32:[m[K [01;36m[Knote: [m[Kcandidate: â€˜[01m[Kstd::vector<std::pair<float, float> > PathVisualizer::generatePath(float, float, float, float)[m[Kâ€™
[2.709s]    34 |     vector<pair<float, float>> [01;36m[KgeneratePath[m[K(float startX, float startY, float targetX, float targetY) {
[2.710s]       |                                [01;36m[K^~~~~~~~~~~~[m[K
[2.710s] [01m[K/home/shivam/code-masala/ros/missile/src/visualization_package/src/simu.cpp:34:32:[m[K [01;36m[Knote: [m[K  candidate expects 4 arguments, 5 provided
[2.719s] [01m[K/home/shivam/code-masala/ros/missile/src/visualization_package/src/simu.cpp:[m[K In member function â€˜[01m[Kstd::vector<std::pair<float, float> > PathVisualizer::generatePath(float, float, float, float)[m[Kâ€™:
[2.719s] [01m[K/home/shivam/code-masala/ros/missile/src/visualization_package/src/simu.cpp:36:31:[m[K [01;31m[Kerror: [m[Kâ€˜[01m[KtargetZ[m[Kâ€™ was not declared in this scope; did you mean â€˜[01m[KtargetX[m[Kâ€™?
[2.719s]    36 |         float endLength = 2 * [01;31m[KtargetZ[m[K;
[2.719s]       |                               [01;31m[K^~~~~~~[m[K
[2.719s]       |                               [32m[KtargetX[m[K
[2.731s] [01m[K/home/shivam/code-masala/ros/missile/src/visualization_package/src/simu.cpp:[m[K In member function â€˜[01m[Kvoid PathVisualizer::publish_message()[m[Kâ€™:
[2.731s] [01m[K/home/shivam/code-masala/ros/missile/src/visualization_package/src/simu.cpp:53:34:[m[K [01;31m[Kerror: [m[Kâ€˜[01m[Kpath_points_[m[Kâ€™ was not declared in this scope
[2.731s]    53 |         for (const auto& point : [01;31m[Kpath_points_[m[K) {
[2.732s]       |                                  [01;31m[K^~~~~~~~~~~~[m[K
[2.740s] [01m[K/home/shivam/code-masala/ros/missile/src/visualization_package/src/simu.cpp:62:14:[m[K [01;31m[Kerror: [m[Kâ€˜[01m[Kpath_points_[m[Kâ€™ was not declared in this scope
[2.740s]    62 |         if (![01;31m[Kpath_points_[m[K.empty()) {
[2.740s]       |              [01;31m[K^~~~~~~~~~~~[m[K
[2.747s] In file included from [01m[K/opt/ros/humble/include/rclcpp/rclcpp/logging.hpp:24[m[K,
[2.747s]                  from [01m[K/opt/ros/humble/include/rclcpp/rclcpp/client.hpp:40[m[K,
[2.748s]                  from [01m[K/opt/ros/humble/include/rclcpp/rclcpp/callback_group.hpp:24[m[K,
[2.748s]                  from [01m[K/opt/ros/humble/include/rclcpp/rclcpp/any_executable.hpp:20[m[K,
[2.748s]                  from [01m[K/opt/ros/humble/include/rclcpp/rclcpp/memory_strategy.hpp:25[m[K,
[2.748s]                  from [01m[K/opt/ros/humble/include/rclcpp/rclcpp/memory_strategies.hpp:18[m[K,
[2.748s]                  from [01m[K/opt/ros/humble/include/rclcpp/rclcpp/executor_options.hpp:20[m[K,
[2.748s]                  from [01m[K/opt/ros/humble/include/rclcpp/rclcpp/executor.hpp:37[m[K,
[2.748s]                  from [01m[K/opt/ros/humble/include/rclcpp/rclcpp/executors/multi_threaded_executor.hpp:25[m[K,
[2.748s]                  from [01m[K/opt/ros/humble/include/rclcpp/rclcpp/executors.hpp:21[m[K,
[2.748s]                  from [01m[K/opt/ros/humble/include/rclcpp/rclcpp/rclcpp.hpp:155[m[K,
[2.748s]                  from [01m[K/home/shivam/code-masala/ros/missile/src/visualization_package/src/simu.cpp:1[m[K:
[2.748s] [01m[K/home/shivam/code-masala/ros/missile/src/visualization_package/src/simu.cpp:71:70:[m[K [01;31m[Kerror: [m[Kâ€˜[01m[Krows[m[Kâ€™ was not declared in this scope
[2.748s]    71 |         RCLCPP_INFO(this->get_logger(), "Publishing %dx%d array...", [01;31m[Krows[m[K, cols);
[2.748s]       |                                                                      [01;31m[K^~~~[m[K
[2.754s] [01m[K/home/shivam/code-masala/ros/missile/src/visualization_package/src/simu.cpp:71:76:[m[K [01;31m[Kerror: [m[Kâ€˜[01m[Kcols[m[Kâ€™ was not declared in this scope; did you mean â€˜[01m[Kcosl[m[Kâ€™?
[2.754s]    71 |         RCLCPP_INFO(this->get_logger(), "Publishing %dx%d array...", rows, [01;31m[Kcols[m[K);
[2.754s]       |                                                                            [01;31m[K^~~~[m[K
[3.642s] gmake[2]: *** [CMakeFiles/path_visualizer.dir/build.make:76: CMakeFiles/path_visualizer.dir/src/simu.cpp.o] Error 1
[3.642s] gmake[1]: *** [CMakeFiles/Makefile2:137: CMakeFiles/path_visualizer.dir/all] Error 2
[3.642s] gmake: *** [Makefile:146: all] Error 2
[3.645s] Invoked command in '/home/shivam/code-masala/ros/missile/src/build/visualization_package' returned '2': CMAKE_PREFIX_PATH=${CMAKE_PREFIX_PATH}:/opt/ros/humble /usr/bin/cmake --build /home/shivam/code-masala/ros/missile/src/build/visualization_package -- -j16 -l16
