[0.008s] Invoking command in '/home/shivam/code-masala/ros/missile/src/build/visualization_package': CMAKE_PREFIX_PATH=${CMAKE_PREFIX_PATH}:/opt/ros/humble /usr/bin/cmake --build /home/shivam/code-masala/ros/missile/src/build/visualization_package -- -j16 -l16
[0.025s] -- Found ament_cmake: 1.3.11 (/opt/ros/humble/share/ament_cmake/cmake)
[0.112s] -- Found rclcpp: 16.0.11 (/opt/ros/humble/share/rclcpp/cmake)
[0.130s] -- Found rosidl_generator_c: 3.1.6 (/opt/ros/humble/share/rosidl_generator_c/cmake)
[0.132s] -- Found rosidl_adapter: 3.1.6 (/opt/ros/humble/share/rosidl_adapter/cmake)
[0.135s] -- Found rosidl_generator_cpp: 3.1.6 (/opt/ros/humble/share/rosidl_generator_cpp/cmake)
[0.142s] -- Using all available rosidl_typesupport_c: rosidl_typesupport_fastrtps_c;rosidl_typesupport_introspection_c
[0.149s] -- Using all available rosidl_typesupport_cpp: rosidl_typesupport_fastrtps_cpp;rosidl_typesupport_introspection_cpp
[0.170s] -- Found rmw_implementation_cmake: 6.1.2 (/opt/ros/humble/share/rmw_implementation_cmake/cmake)
[0.170s] -- Found rmw_fastrtps_cpp: 6.2.7 (/opt/ros/humble/share/rmw_fastrtps_cpp/cmake)
[0.242s] -- Using RMW implementation 'rmw_fastrtps_cpp' as default
[0.275s] -- Found nav_msgs: 4.2.4 (/opt/ros/humble/share/nav_msgs/cmake)
[0.294s] -- Found ament_lint_auto: 0.12.11 (/opt/ros/humble/share/ament_lint_auto/cmake)
[0.342s] -- Added test 'cppcheck' to perform static code analysis on C / C++ code
[0.342s] -- Configured cppcheck include dirs: 
[0.342s] -- Configured cppcheck exclude dirs and/or files: 
[0.342s] -- Added test 'flake8' to check Python code syntax and style conventions
[0.342s] -- Added test 'lint_cmake' to check CMake code style
[0.343s] -- Added test 'pep257' to check Python code against some of the docstring style conventions in PEP 257
[0.343s] -- Added test 'uncrustify' to check C / C++ code style
[0.343s] -- Configured uncrustify additional arguments: 
[0.343s] -- Added test 'xmllint' to check XML markup files
[0.344s] -- Configuring done
[0.349s] -- Generating done
[0.351s] -- Build files have been written to: /home/shivam/code-masala/ros/missile/src/build/visualization_package
[0.382s] [ 50%] [32mBuilding CXX object CMakeFiles/path_visualizer.dir/src/simu.cpp.o[0m
[1.821s] [01m[K/home/shivam/code-masala/ros/missile/src/visualization_package/src/simu.cpp:[m[K In constructor â€˜[01m[KPathVisualizer::PathVisualizer()[m[Kâ€™:
[1.821s] [01m[K/home/shivam/code-masala/ros/missile/src/visualization_package/src/simu.cpp:12:59:[m[K [01;31m[Kerror: [m[Kâ€˜[01m[KPath[m[Kâ€™ is not a member of â€˜[01m[Kstd_msgs::msg[m[Kâ€™; did you mean â€˜[01m[Knav_msgs::msg::Path[m[Kâ€™?
[1.821s]    12 |         path_pub_ = this->create_publisher<std_msgs::msg::[01;31m[KPath[m[K>(
[1.821s]       |                                                           [01;31m[K^~~~[m[K
[1.821s] In file included from [01m[K/opt/ros/humble/include/nav_msgs/nav_msgs/msg/path.hpp:7[m[K,
[1.821s]                  from [01m[K/home/shivam/code-masala/ros/missile/src/visualization_package/src/simu.cpp:3[m[K:
[1.821s] [01m[K/opt/ros/humble/include/nav_msgs/nav_msgs/msg/detail/path__struct.hpp:133:7:[m[K [01;36m[Knote: [m[Kâ€˜[01m[Knav_msgs::msg::Path[m[Kâ€™ declared here
[1.821s]   133 | using [01;36m[KPath[m[K =
[1.821s]       |       [01;36m[K^~~~[m[K
[1.821s] [01m[K/home/shivam/code-masala/ros/missile/src/visualization_package/src/simu.cpp:12:64:[m[K [01;31m[Kerror: [m[Kno matching function for call to â€˜[01m[KPathVisualizer::create_publisher<<expression error> >(const char [13], int)[m[Kâ€™
[1.821s]    12 |         path_pub_ = [01;31m[Kthis->create_publisher<std_msgs::msg::Path>([m[K
[1.822s]       |                     [01;31m[K~~~~~~~~~~~~~~~~~~~~~~~~~~~~~~~~~~~~~~~~~~~^[m[K
[1.822s]    13 | [01;31m[K            "planned_path", 10)[m[K;
[1.822s]       |             [01;31m[K~~~~~~~~~~~~~~~~~~~[m[K                                 
[1.822s] In file included from [01m[K/opt/ros/humble/include/rclcpp/rclcpp/executors/single_threaded_executor.hpp:28[m[K,
[1.822s]                  from [01m[K/opt/ros/humble/include/rclcpp/rclcpp/executors.hpp:22[m[K,
[1.822s]                  from [01m[K/opt/ros/humble/include/rclcpp/rclcpp/rclcpp.hpp:155[m[K,
[1.822s]                  from [01m[K/home/shivam/code-masala/ros/missile/src/visualization_package/src/simu.cpp:1[m[K:
[1.822s] [01m[K/opt/ros/humble/include/rclcpp/rclcpp/node.hpp:195:3:[m[K [01;36m[Knote: [m[Kcandidate: â€˜[01m[Ktemplate<class MessageT, class AllocatorT, class PublisherT> std::shared_ptr<PublisherT> rclcpp::Node::create_publisher(const string&, const rclcpp::QoS&, const rclcpp::PublisherOptionsWithAllocator<AllocatorT>&)[m[Kâ€™
[1.822s]   195 |   [01;36m[Kcreate_publisher[m[K(
[1.822s]       |   [01;36m[K^~~~~~~~~~~~~~~~[m[K
[1.822s] [01m[K/opt/ros/humble/include/rclcpp/rclcpp/node.hpp:195:3:[m[K [01;36m[Knote: [m[K  template argument deduction/substitution failed:
[1.822s] [01m[K/home/shivam/code-masala/ros/missile/src/visualization_package/src/simu.cpp:12:64:[m[K [01;31m[Kerror: [m[Ktemplate argument 1 is invalid
[1.822s]    12 |         path_pub_ = [01;31m[Kthis->create_publisher<std_msgs::msg::Path>([m[K
[1.822s]       |                     [01;31m[K~~~~~~~~~~~~~~~~~~~~~~~~~~~~~~~~~~~~~~~~~~~^[m[K
[1.823s]    13 | [01;31m[K            "planned_path", 10)[m[K;
[1.823s]       |             [01;31m[K~~~~~~~~~~~~~~~~~~~[m[K                                 
[1.823s] [01m[K/home/shivam/code-masala/ros/missile/src/visualization_package/src/simu.cpp:18:40:[m[K [01;31m[Kerror: [m[Kâ€˜[01m[KpublishPath[m[Kâ€™ is not a member of â€˜[01m[KPathVisualizer[m[Kâ€™
[1.823s]    18 |             std::bind(&PathVisualizer::[01;31m[KpublishPath[m[K, this));
[1.823s]       |                                        [01;31m[K^~~~~~~~~~~[m[K
[1.828s] [01m[K/home/shivam/code-masala/ros/missile/src/visualization_package/src/simu.cpp:27:9:[m[K [01;31m[Kerror: [m[Kâ€˜[01m[Kpath_points_[m[Kâ€™ was not declared in this scope
[1.828s]    27 |         [01;31m[Kpath_points_[m[K = generatePath(start_x, start_y, target_x, target_y, target_z);
[1.828s]       |         [01;31m[K^~~~~~~~~~~~[m[K
[1.828s] [01m[K/home/shivam/code-masala/ros/missile/src/visualization_package/src/simu.cpp:27:36:[m[K [01;31m[Kerror: [m[Kno matching function for call to â€˜[01m[KPathVisualizer::generatePath(float&, float&, float&, float&, float&)[m[Kâ€™
[1.828s]    27 |         path_points_ = [01;31m[KgeneratePath(start_x, start_y, target_x, target_y, target_z)[m[K;
[1.828s]       |                        [01;31m[K~~~~~~~~~~~~^~~~~~~~~~~~~~~~~~~~~~~~~~~~~~~~~~~~~~~~~~~~~~~~[m[K
[1.828s] [01m[K/home/shivam/code-masala/ros/missile/src/visualization_package/src/simu.cpp:34:32:[m[K [01;36m[Knote: [m[Kcandidate: â€˜[01m[Kstd::vector<std::pair<float, float> > PathVisualizer::generatePath(float, float, float, float)[m[Kâ€™
[1.828s]    34 |     vector<pair<float, float>> [01;36m[KgeneratePath[m[K(float startX, float startY, float targetX, float targetY) {
[1.828s]       |                                [01;36m[K^~~~~~~~~~~~[m[K
[1.830s] [01m[K/home/shivam/code-masala/ros/missile/src/visualization_package/src/simu.cpp:34:32:[m[K [01;36m[Knote: [m[K  candidate expects 4 arguments, 5 provided
[1.836s] [01m[K/home/shivam/code-masala/ros/missile/src/visualization_package/src/simu.cpp:[m[K In member function â€˜[01m[Kstd::vector<std::pair<float, float> > PathVisualizer::generatePath(float, float, float, float)[m[Kâ€™:
[1.836s] [01m[K/home/shivam/code-masala/ros/missile/src/visualization_package/src/simu.cpp:36:31:[m[K [01;31m[Kerror: [m[Kâ€˜[01m[KtargetZ[m[Kâ€™ was not declared in this scope; did you mean â€˜[01m[KtargetX[m[Kâ€™?
[1.836s]    36 |         float endLength = 2 * [01;31m[KtargetZ[m[K;
[1.836s]       |                               [01;31m[K^~~~~~~[m[K
[1.836s]       |                               [32m[KtargetX[m[K
[1.843s] [01m[K/home/shivam/code-masala/ros/missile/src/visualization_package/src/simu.cpp:[m[K In member function â€˜[01m[Kvoid PathVisualizer::publish_message()[m[Kâ€™:
[1.843s] [01m[K/home/shivam/code-masala/ros/missile/src/visualization_package/src/simu.cpp:53:34:[m[K [01;31m[Kerror: [m[Kâ€˜[01m[Kpath_points_[m[Kâ€™ was not declared in this scope
[1.843s]    53 |         for (const auto& point : [01;31m[Kpath_points_[m[K) {
[1.843s]       |                                  [01;31m[K^~~~~~~~~~~~[m[K
[1.848s] [01m[K/home/shivam/code-masala/ros/missile/src/visualization_package/src/simu.cpp:62:14:[m[K [01;31m[Kerror: [m[Kâ€˜[01m[Kpath_points_[m[Kâ€™ was not declared in this scope
[1.848s]    62 |         if (![01;31m[Kpath_points_[m[K.empty()) {
[1.848s]       |              [01;31m[K^~~~~~~~~~~~[m[K
[1.851s] In file included from [01m[K/opt/ros/humble/include/rclcpp/rclcpp/logging.hpp:24[m[K,
[1.852s]                  from [01m[K/opt/ros/humble/include/rclcpp/rclcpp/client.hpp:40[m[K,
[1.852s]                  from [01m[K/opt/ros/humble/include/rclcpp/rclcpp/callback_group.hpp:24[m[K,
[1.852s]                  from [01m[K/opt/ros/humble/include/rclcpp/rclcpp/any_executable.hpp:20[m[K,
[1.852s]                  from [01m[K/opt/ros/humble/include/rclcpp/rclcpp/memory_strategy.hpp:25[m[K,
[1.852s]                  from [01m[K/opt/ros/humble/include/rclcpp/rclcpp/memory_strategies.hpp:18[m[K,
[1.852s]                  from [01m[K/opt/ros/humble/include/rclcpp/rclcpp/executor_options.hpp:20[m[K,
[1.852s]                  from [01m[K/opt/ros/humble/include/rclcpp/rclcpp/executor.hpp:37[m[K,
[1.852s]                  from [01m[K/opt/ros/humble/include/rclcpp/rclcpp/executors/multi_threaded_executor.hpp:25[m[K,
[1.852s]                  from [01m[K/opt/ros/humble/include/rclcpp/rclcpp/executors.hpp:21[m[K,
[1.852s]                  from [01m[K/opt/ros/humble/include/rclcpp/rclcpp/rclcpp.hpp:155[m[K,
[1.852s]                  from [01m[K/home/shivam/code-masala/ros/missile/src/visualization_package/src/simu.cpp:1[m[K:
[1.852s] [01m[K/home/shivam/code-masala/ros/missile/src/visualization_package/src/simu.cpp:71:70:[m[K [01;31m[Kerror: [m[Kâ€˜[01m[Krows[m[Kâ€™ was not declared in this scope
[1.852s]    71 |         RCLCPP_INFO(this->get_logger(), "Publishing %dx%d array...", [01;31m[Krows[m[K, cols);
[1.852s]       |                                                                      [01;31m[K^~~~[m[K
[1.854s] [01m[K/home/shivam/code-masala/ros/missile/src/visualization_package/src/simu.cpp:71:76:[m[K [01;31m[Kerror: [m[Kâ€˜[01m[Kcols[m[Kâ€™ was not declared in this scope; did you mean â€˜[01m[Kcosl[m[Kâ€™?
[1.854s]    71 |         RCLCPP_INFO(this->get_logger(), "Publishing %dx%d array...", rows, [01;31m[Kcols[m[K);
[1.854s]       |                                                                            [01;31m[K^~~~[m[K
[2.352s] gmake[2]: *** [CMakeFiles/path_visualizer.dir/build.make:76: CMakeFiles/path_visualizer.dir/src/simu.cpp.o] Error 1
[2.352s] gmake[1]: *** [CMakeFiles/Makefile2:137: CMakeFiles/path_visualizer.dir/all] Error 2
[2.352s] gmake: *** [Makefile:146: all] Error 2
[2.354s] Invoked command in '/home/shivam/code-masala/ros/missile/src/build/visualization_package' returned '2': CMAKE_PREFIX_PATH=${CMAKE_PREFIX_PATH}:/opt/ros/humble /usr/bin/cmake --build /home/shivam/code-masala/ros/missile/src/build/visualization_package -- -j16 -l16
