[0.012s] Invoking command in '/home/shivam/code-masala/ros/missile/src/build/visualization_package': CMAKE_PREFIX_PATH=${CMAKE_PREFIX_PATH}:/opt/ros/humble /usr/bin/cmake --build /home/shivam/code-masala/ros/missile/src/build/visualization_package -- -j16 -l16
[0.059s] [35m[1mConsolidate compiler generated dependencies of target path_visualizer[0m
[0.098s] [ 50%] [32mBuilding CXX object CMakeFiles/path_visualizer.dir/src/simu.cpp.o[0m
[2.580s] [01m[K/home/shivam/code-masala/ros/missile/src/visualization_package/src/simu.cpp:[m[K In constructor â€˜[01m[KPathVisualizer::PathVisualizer()[m[Kâ€™:
[2.580s] [01m[K/home/shivam/code-masala/ros/missile/src/visualization_package/src/simu.cpp:21:40:[m[K [01;31m[Kerror: [m[Kâ€˜[01m[KpublishPath[m[Kâ€™ is not a member of â€˜[01m[KPathVisualizer[m[Kâ€™
[2.580s]    21 |             std::bind(&PathVisualizer::[01;31m[KpublishPath[m[K, this));
[2.580s]       |                                        [01;31m[K^~~~~~~~~~~[m[K
[3.478s] gmake[2]: *** [CMakeFiles/path_visualizer.dir/build.make:76: CMakeFiles/path_visualizer.dir/src/simu.cpp.o] Error 1
[3.478s] gmake[1]: *** [CMakeFiles/Makefile2:137: CMakeFiles/path_visualizer.dir/all] Error 2
[3.478s] gmake: *** [Makefile:146: all] Error 2
[3.481s] Invoked command in '/home/shivam/code-masala/ros/missile/src/build/visualization_package' returned '2': CMAKE_PREFIX_PATH=${CMAKE_PREFIX_PATH}:/opt/ros/humble /usr/bin/cmake --build /home/shivam/code-masala/ros/missile/src/build/visualization_package -- -j16 -l16
