[35m[1mConsolidate compiler generated dependencies of target path_visualizer[0m
[ 50%] [32mBuilding CXX object CMakeFiles/path_visualizer.dir/src/simu.cpp.o[0m
[01m[K/home/shivam/code-masala/ros/missile/src/visualization_package/src/simu.cpp:[m[K In constructor â€˜[01m[KPathVisualizer::PathVisualizer()[m[Kâ€™:
[01m[K/home/shivam/code-masala/ros/missile/src/visualization_package/src/simu.cpp:21:40:[m[K [01;31m[Kerror: [m[Kâ€˜[01m[KpublishPath[m[Kâ€™ is not a member of â€˜[01m[KPathVisualizer[m[Kâ€™
   21 |             std::bind(&PathVisualizer::[01;31m[KpublishPath[m[K, this));
      |                                        [01;31m[K^~~~~~~~~~~[m[K
[01m[K/home/shivam/code-masala/ros/missile/src/visualization_package/src/simu.cpp:30:36:[m[K [01;31m[Kerror: [m[Kno matching function for call to â€˜[01m[KPathVisualizer::generatePath(float&, float&, float&, float&, float&)[m[Kâ€™
   30 |         path_points_ = [01;31m[KgeneratePath(start_x, start_y, target_x, target_y, target_z)[m[K;
      |                        [01;31m[K~~~~~~~~~~~~^~~~~~~~~~~~~~~~~~~~~~~~~~~~~~~~~~~~~~~~~~~~~~~~[m[K
[01m[K/home/shivam/code-masala/ros/missile/src/visualization_package/src/simu.cpp:37:32:[m[K [01;36m[Knote: [m[Kcandidate: â€˜[01m[Kstd::vector<std::pair<float, float> > PathVisualizer::generatePath(float, float, float, float)[m[Kâ€™
   37 |     vector<pair<float, float>> [01;36m[KgeneratePath[m[K(float startX, float startY, float targetX, float targetY) {
      |                                [01;36m[K^~~~~~~~~~~~[m[K
[01m[K/home/shivam/code-masala/ros/missile/src/visualization_package/src/simu.cpp:37:32:[m[K [01;36m[Knote: [m[K  candidate expects 4 arguments, 5 provided
gmake[2]: *** [CMakeFiles/path_visualizer.dir/build.make:76: CMakeFiles/path_visualizer.dir/src/simu.cpp.o] Error 1
gmake[1]: *** [CMakeFiles/Makefile2:137: CMakeFiles/path_visualizer.dir/all] Error 2
gmake: *** [Makefile:146: all] Error 2
